<?xml version="1.0" encoding="UTF-8"?>
<testng-results skipped="0" failed="0" ignored="0" total="1" passed="1">
  <reporter-output>
  </reporter-output>
  <suite name="Default suite" duration-ms="14883" started-at="2017-11-08T18:38:23Z" finished-at="2017-11-08T18:38:38Z">
    <groups>
    </groups>
    <test name="Default test" duration-ms="14883" started-at="2017-11-08T18:38:23Z" finished-at="2017-11-08T18:38:38Z">
      <class name="Test.PhptravelsLoginWithPageFactory">
        <test-method status="PASS" signature="setup()[pri:0, instance:Test.PhptravelsLoginWithPageFactory@36d4b5c]" name="setup" is-config="true" duration-ms="10166" started-at="2017-11-09T00:08:23Z" finished-at="2017-11-09T00:08:33Z">
          <reporter-output>
          </reporter-output>
        </test-method> <!-- setup -->
        <test-method status="PASS" signature="test_Home_Page_Appearscorrect()[pri:0, instance:Test.PhptravelsLoginWithPageFactory@36d4b5c]" name="test_Home_Page_Appearscorrect" duration-ms="4682" started-at="2017-11-09T00:08:33Z" finished-at="2017-11-09T00:08:38Z">
          <reporter-output>
          </reporter-output>
        </test-method> <!-- test_Home_Page_Appearscorrect -->
      </class> <!-- Test.PhptravelsLoginWithPageFactory -->
    </test> <!-- Default test -->
  </suite> <!-- Default suite -->
</testng-results>
